[2026-03-18 21:54:32.060857] EMIT to ridhu: {'type': 'reminder', 'reminder_id': 'd4a42644-0275-4eb4-931d-1a79f7d0e2d3', 'message': 'to test sse from python', 'trigger_at': '2026-03-18T16:24:32.059779'}
[2026-03-18 21:54:32.073974] EMIT to ridhu: {'type': 'reminder', 'reminder_id': 'bf2f31bf-5a24-4f5a-b844-4b7365284f53', 'message': 'to test sse from python', 'trigger_at': '2026-03-18T16:24:32.073101'}
[2026-03-18 21:54:32.118335] EMIT to ridhu: {'type': 'reminder', 'reminder_id': '84d6223a-dd9c-4ab9-b068-95affe58e0e5', 'message': 'to test sse from python', 'trigger_at': '2026-03-18T16:24:32.117914'}
[2026-03-18 21:56:41.721981] EMIT to ridhu: {'type': 'reminder', 'reminder_id': 'fa942a2a-ff5a-46ca-bf1e-24ac83b47af3', 'message': 'make hot chocolate', 'trigger_at': '2026-03-18T16:26:41.721551'}
[2026-03-18 21:57:25.441574] EMIT to ridhu: {'type': 'reminder', 'reminder_id': 'cd250006-e091-41b7-bc76-17a9be6d3b35', 'message': 'submit my doc in classroom in 15 secs', 'trigger_at': '2026-03-18T16:27:25.441207'}
[2026-03-18 22:52:08.793538] EMIT to ridhu: {'type': 'reminder', 'reminder_id': '0be784b0-b4e1-4ac5-a39a-5246f56b5809', 'message': 'Hii I love exercising. Can you in 10 sec to start walking', 'trigger_at': '2026-03-18T17:22:08.792834'}
[2026-03-18 22:58:38.869633] EMIT to ridhu: {'type': 'reminder', 'reminder_id': '27e91039-73e1-4cba-b341-8fa6fbd142d1', 'message': 'send email to principal', 'trigger_at': '2026-03-18T17:28:38.868369'}
[2026-03-18 23:07:40.745771] EMIT to ridhu: {'type': 'reminder', 'reminder_id': '6f840caa-2a80-4497-aa4b-c11e9ab9cee8', 'message': 'make coffee', 'trigger_at': '2026-03-18T17:37:40.744616'}
[2026-03-18 23:31:13.772963] EMIT to ridhu: {'type': 'reminder', 'reminder_id': '0ba87b31-d181-40f4-9783-c4848ceff0de', 'message': 'drink water in 10 mins', 'trigger_at': '2026-03-18T18:01:13.770914'}
[2026-03-18 23:54:18.452663] EMIT to ridhu: {'type': 'reminder', 'reminder_id': '61abf6a0-2207-4ece-81c3-745bdabb0cb1', 'message': 'eat chocolate', 'trigger_at': '2026-03-18T18:24:18.452252'}
[2026-03-19 16:54:50.374543] EMIT to ridhu: {'type': 'reminder', 'reminder_id': '2b92a281-99e3-49fe-9efc-0f80e6fd76e4', 'message': 'I want to drink water', 'trigger_at': '2026-03-19T11:24:50.367846'}
[2026-03-19 17:01:55.428502] EMIT to ridhu: {'type': 'reminder', 'reminder_id': '1915395c-abad-405c-93ad-0f55ec535d63', 'message': 'drink water', 'trigger_at': '2026-03-19T11:31:55.423884'}
[2026-03-19 17:41:45.615030] EMIT to ridhu: {'type': 'reminder', 'reminder_id': '8686411b-edf4-415a-969c-dbd4b6d4e8cd', 'message': 'drink water', 'trigger_at': '2026-03-19T12:11:45.611122'}
[2026-03-19 19:20:07.569737] EMIT to ridhu: {'type': 'reminder', 'reminder_id': '3c5478a5-14d8-49b3-97a5-2617f08fefb1', 'message': 'drink water', 'trigger_at': '2026-03-19T13:50:07.560432'}
[2026-03-19 20:30:44.629213] EMIT to ridhu: {'type': 'reminder', 'reminder_id': 'ed9e872e-0716-4c3c-9cd5-a5c524183a2f', 'message': 'send text to Eshwari', 'trigger_at': '2026-03-19T15:00:44.616889'}
[2026-03-19 20:35:27.661755] EMIT to ridhu: {'type': 'reminder', 'reminder_id': '1a1204ad-985e-4a40-b413-96e81062b49e', 'message': 'text Eshwari', 'trigger_at': '2026-03-19T15:05:27.654721'}
[2026-03-19 20:38:01.753256] EMIT to ridhu: {'type': 'reminder', 'reminder_id': '217aa872-31f7-460b-b554-e64b1aa52eea', 'message': 'drink water', 'trigger_at': '2026-03-19T15:08:01.749198'}
[2026-03-19 20:39:42.478240] EMIT to ridhu: {'type': 'reminder', 'reminder_id': '06e4fb6c-8fe2-4202-a86a-430c80982552', 'message': 'drink water', 'trigger_at': '2026-03-19T15:09:42.477568'}
[2026-03-19 20:40:45.511232] EMIT to ridhu: {'type': 'reminder', 'reminder_id': 'fede796c-2488-4280-9f64-cd56cc0d455e', 'message': 'drink water', 'trigger_at': '2026-03-19T15:10:45.510487'}
[2026-03-19 20:54:47.680247] EMIT to ridhu: {'type': 'reminder', 'reminder_id': '44235fc9-ef6b-4c92-9cca-3a488b3a2b3c', 'message': 'I want you to text Eshwari', 'trigger_at': '2026-03-19T15:24:47.675104'}
[2026-03-19 21:02:13.654924] EMIT to ridhu: {'type': 'reminder', 'reminder_id': '1b336641-6e48-438d-9199-ba0fbfe8bf36', 'message': 'I want you to text Eshwari', 'trigger_at': '2026-03-19T15:32:13.651612'}
[2026-03-19 21:02:25.848432] EMIT to ridhu: {'type': 'reminder', 'reminder_id': 'b63a4a51-0f9d-4ea0-9512-9145aa6a75e1', 'message': 'I want you to drink water', 'trigger_at': '2026-03-19T15:32:25.847194'}
[2026-03-19 21:03:49.190882] EMIT to ridhu: {'type': 'reminder', 'reminder_id': '94e5b81d-edfb-4570-bf6e-61f94a887226', 'message': 'read newspaper', 'trigger_at': '2026-03-19T15:33:49.190386'}
[2026-03-19 21:08:50.910507] EMIT to ridhu: {'type': 'reminder', 'reminder_id': '601db8d2-773e-4502-b9c3-1c377033d7d3', 'message': 'I want you to drink water', 'trigger_at': '2026-03-19T15:38:50.899841'}
[2026-03-19 21:09:33.155086] EMIT to ridhu: {'type': 'reminder', 'reminder_id': '94b243c0-ff7f-405d-8349-dde3e555f7fb', 'message': 'submit my assignment', 'trigger_at': '2026-03-19T15:39:33.151759'}
[2026-03-21 23:27:46.790703] EMIT to ridhu: {'type': 'reminder', 'reminder_id': '5061581d-3324-45ce-a267-85f95f27e9ae', 'message': 'give a reminder to brush my teeth', 'trigger_at': '2026-03-21T17:57:46.787060'}
[2026-03-22 00:04:38.155033] EMIT to ridhu: {'type': 'reminder', 'reminder_id': 'ff1984b9-a5bb-4b2d-9e04-53e3b26b94ed', 'message': 'bath', 'trigger_at': '2026-03-21T18:34:38.154006'}
[2026-03-22 00:27:27.953140] EMIT to ridhu: {'type': 'reminder', 'reminder_id': '3d77f975-2a6d-4a95-a35d-f9e0a527cb62', 'message': 'mins to drink water', 'trigger_at': '2026-03-21T18:57:27.935640'}
[2026-03-22 00:43:29.782635] EMIT to ridhu: {'type': 'daily_summary', 'message': "Good morning! Here's your daily summary:\n\nNo reminders scheduled for today.\n\nRemember: User likes/prefers: love coffe in the morning\n\nHave a great day!"}
[2026-03-22 00:43:31.040016] EMIT to ridhu: {'type': 'daily_summary', 'message': "Good morning! Here's your daily summary:\n\nNo reminders scheduled for today.\n\nHave a great day!"}
[2026-03-22 00:43:31.673005] EMIT to ridhu: {'type': 'daily_summary', 'message': "Good morning! Here's your daily summary:\n\nNo reminders scheduled for today.\n\nHave a great day!"}
[2026-03-22 00:43:32.067561] EMIT to ridhu: {'type': 'daily_summary', 'message': "Good morning! Here's your daily summary:\n\nNo reminders scheduled for today.\n\nHave a great day!"}
[2026-03-22 00:43:32.079105] EMIT to ridhu: {'type': 'daily_summary', 'message': "Good morning! Here's your daily summary:\n\nNo reminders scheduled for today.\n\nHave a great day!"}
[2026-03-22 00:43:35.181664] EMIT to ridhu: {'type': 'daily_summary', 'message': "Good morning! Here's your daily summary:\n\nNo reminders scheduled for today.\n\nHave a great day!"}
[2026-03-22 00:43:41.024562] EMIT to ridhu: {'type': 'daily_summary', 'message': "Good morning! Here's your daily summary:\n\nNo reminders scheduled for today.\n\nHave a great day!"}
[2026-03-22 00:43:45.692624] EMIT to ridhu: {'type': 'daily_summary', 'message': "Good morning! Here's your daily summary:\n\nNo reminders scheduled for today.\n\nHave a great day!"}
[2026-03-22 00:43:46.153460] EMIT to ridhu: {'type': 'daily_summary', 'message': "Good morning! Here's your daily summary:\n\nNo reminders scheduled for today.\n\nHave a great day!"}
[2026-03-22 00:43:46.256041] EMIT to ridhu: {'type': 'daily_summary', 'message': "Good morning! Here's your daily summary:\n\nNo reminders scheduled for today.\n\nHave a great day!"}
[2026-03-22 00:43:46.500676] EMIT to ridhu: {'type': 'daily_summary', 'message': "Good morning! Here's your daily summary:\n\nNo reminders scheduled for today.\n\nHave a great day!"}
[2026-03-22 00:43:59.263087] EMIT to ridhu: {'type': 'daily_summary', 'message': "Good morning! Here's your daily summary:\n\nNo reminders scheduled for today.\n\nHave a great day!"}
[2026-03-22 00:44:21.107066] EMIT to ridhu: {'type': 'daily_summary', 'message': "Good morning! Here's your daily summary:\n\nNo reminders scheduled for today.\n\nHave a great day!"}
[2026-03-22 00:44:22.565893] EMIT to ridhu: {'type': 'daily_summary', 'message': "Good morning! Here's your daily summary:\n\nNo reminders scheduled for today.\n\nHave a great day!"}
[2026-03-22 00:44:23.779125] EMIT to ridhu: {'type': 'daily_summary', 'message': "Good morning! Here's your daily summary:\n\nNo reminders scheduled for today.\n\nHave a great day!"}
[2026-03-22 00:44:25.670585] EMIT to ridhu: {'type': 'daily_summary', 'message': "Good morning! Here's your daily summary:\n\nNo reminders scheduled for today.\n\nHave a great day!"}
[2026-03-22 00:44:45.150763] EMIT to ridhu: {'type': 'daily_summary', 'message': "Good morning! Here's your daily summary:\n\nNo reminders scheduled for today.\n\nHave a great day!"}
[2026-03-22 00:44:52.744433] EMIT to ridhu: {'type': 'daily_summary', 'message': "Good morning! Here's your daily summary:\n\nNo reminders scheduled for today.\n\nHave a great day!"}
[2026-03-22 00:49:04.098508] EMIT to ridhu: {'type': 'daily_summary', 'message': "Good morning! Here's your daily summary:\n\nYou have 1 reminder(s) today:\n  - 7:00 AM: to work out (recurring)\n\nHave a great day!"}
[2026-03-22 00:49:23.082147] EMIT to ridhu: {'type': 'daily_summary', 'message': "Good morning! Here's your daily summary:\n\nYou have 2 reminder(s) today:\n  - 7:00 AM: to work out (recurring)\n  - 7:00 AM: reminder (recurring)\n\nHave a great day!"}
[2026-03-22 00:49:36.537954] EMIT to ridhu: {'type': 'daily_summary', 'message': "Good morning! Here's your daily summary:\n\nYou have 2 reminder(s) today:\n  - 7:00 AM: to work out (recurring)\n  - 7:00 AM: reminder (recurring)\n\nHave a great day!"}
